{"C:\\Users\\Acer\\Desktop\\node_workshop\\cart_system\\source\\app.ts": {"path":"C:\\Users\\Acer\\Desktop\\node_workshop\\cart_system\\source\\app.ts","statementMap":{"0":{"start":{"line":1,"column":0},"end":{"line":1,"column":64}},"1":{"start":{"line":2,"column":0},"end":{"line":2,"column":24}},"2":{"start":{"line":3,"column":0},"end":{"line":3,"column":28}},"3":{"start":{"line":4,"column":0},"end":{"line":4,"column":50}},"4":{"start":{"line":5,"column":0},"end":{"line":5,"column":53}},"5":{"start":{"line":6,"column":0},"end":{"line":6,"column":46}},"6":{"start":{"line":7,"column":0},"end":{"line":7,"column":48}},"7":{"start":{"line":8,"column":0},"end":{"line":8,"column":50}},"8":{"start":{"line":11,"column":26},"end":{"line":11,"column":35}},"9":{"start":{"line":14,"column":0},"end":{"line":14,"column":24}},"10":{"start":{"line":15,"column":0},"end":{"line":15,"column":47}},"11":{"start":{"line":16,"column":0},"end":{"line":16,"column":23}},"12":{"start":{"line":19,"column":0},"end":{"line":19,"column":63}},"13":{"start":{"line":22,"column":0},"end":{"line":27,"column":3}},"14":{"start":{"line":23,"column":4},"end":{"line":26,"column":7}},"15":{"start":{"line":29,"column":0},"end":{"line":29,"column":45}},"16":{"start":{"line":30,"column":0},"end":{"line":30,"column":73}},"17":{"start":{"line":31,"column":0},"end":{"line":31,"column":32}},"18":{"start":{"line":34,"column":0},"end":{"line":34,"column":19}}},"fnMap":{"0":{"name":"(anonymous_1)","decl":{"start":{"line":22,"column":16},"end":{"line":22,"column":17}},"loc":{"start":{"line":22,"column":53},"end":{"line":27,"column":1}}}},"branchMap":{},"s":{"0":2,"1":2,"2":2,"3":2,"4":2,"5":2,"6":2,"7":2,"8":2,"9":2,"10":2,"11":2,"12":2,"13":2,"14":1,"15":2,"16":2,"17":2,"18":2},"f":{"0":1},"b":{}}
,"C:\\Users\\Acer\\Desktop\\node_workshop\\cart_system\\source\\configs\\passport.configs.ts": {"path":"C:\\Users\\Acer\\Desktop\\node_workshop\\cart_system\\source\\configs\\passport.configs.ts","statementMap":{"0":{"start":{"line":1,"column":0},"end":{"line":1,"column":33}},"1":{"start":{"line":2,"column":0},"end":{"line":2,"column":51}},"2":{"start":{"line":3,"column":0},"end":{"line":3,"column":32}},"3":{"start":{"line":4,"column":0},"end":{"line":4,"column":45}},"4":{"start":{"line":6,"column":0},"end":{"line":6,"column":16}},"5":{"start":{"line":8,"column":24},"end":{"line":8,"column":43}},"6":{"start":{"line":11,"column":0},"end":{"line":30,"column":2}},"7":{"start":{"line":18,"column":8},"end":{"line":28,"column":null}},"8":{"start":{"line":19,"column":12},"end":{"line":21,"column":null}},"9":{"start":{"line":20,"column":16},"end":{"line":20,"column":null}},"10":{"start":{"line":23,"column":12},"end":{"line":27,"column":null}},"11":{"start":{"line":24,"column":16},"end":{"line":24,"column":78}},"12":{"start":{"line":26,"column":16},"end":{"line":26,"column":67}},"13":{"start":{"line":32,"column":0},"end":{"line":32,"column":24}}},"fnMap":{"0":{"name":"(anonymous_7)","decl":{"start":{"line":16,"column":4},"end":{"line":16,"column":5}},"loc":{"start":{"line":16,"column":35},"end":{"line":29,"column":5}}},"1":{"name":"(anonymous_8)","decl":{"start":{"line":18,"column":43},"end":{"line":18,"column":44}},"loc":{"start":{"line":18,"column":66},"end":{"line":28,"column":9}}}},"branchMap":{"0":{"loc":{"start":{"line":19,"column":12},"end":{"line":21,"column":null}},"type":"if","locations":[{"start":{"line":19,"column":12},"end":{"line":21,"column":null}}]},"1":{"loc":{"start":{"line":23,"column":12},"end":{"line":27,"column":null}},"type":"if","locations":[{"start":{"line":23,"column":12},"end":{"line":27,"column":null}},{"start":{"line":25,"column":19},"end":{"line":27,"column":null}}]}},"s":{"0":2,"1":2,"2":2,"3":2,"4":2,"5":2,"6":2,"7":0,"8":0,"9":0,"10":0,"11":0,"12":0,"13":2},"f":{"0":0,"1":0},"b":{"0":[0],"1":[0,0]}}
,"C:\\Users\\Acer\\Desktop\\node_workshop\\cart_system\\source\\controllers\\login.controller.ts": {"path":"C:\\Users\\Acer\\Desktop\\node_workshop\\cart_system\\source\\controllers\\login.controller.ts","statementMap":{"0":{"start":{"line":1,"column":0},"end":{"line":1,"column":33}},"1":{"start":{"line":3,"column":0},"end":{"line":3,"column":36}},"2":{"start":{"line":4,"column":0},"end":{"line":4,"column":37}},"3":{"start":{"line":5,"column":0},"end":{"line":5,"column":45}},"4":{"start":{"line":7,"column":0},"end":{"line":7,"column":16}},"5":{"start":{"line":9,"column":24},"end":{"line":9,"column":43}},"6":{"start":{"line":13,"column":14},"end":{"line":50,"column":null}},"7":{"start":{"line":13,"column":70},"end":{"line":50,"column":null}},"8":{"start":{"line":14,"column":4},"end":{"line":49,"column":null}},"9":{"start":{"line":16,"column":19},"end":{"line":16,"column":67}},"10":{"start":{"line":18,"column":8},"end":{"line":23,"column":null}},"11":{"start":{"line":19,"column":12},"end":{"line":22,"column":15}},"12":{"start":{"line":26,"column":22},"end":{"line":26,"column":66}},"13":{"start":{"line":28,"column":8},"end":{"line":42,"column":null}},"14":{"start":{"line":29,"column":12},"end":{"line":32,"column":null}},"15":{"start":{"line":34,"column":28},"end":{"line":34,"column":74}},"16":{"start":{"line":36,"column":12},"end":{"line":40,"column":15}},"17":{"start":{"line":41,"column":12},"end":{"line":41,"column":37}},"18":{"start":{"line":45,"column":8},"end":{"line":48,"column":null}},"19":{"start":{"line":52,"column":8},"end":{"line":52,"column":13}}},"fnMap":{"0":{"name":"(anonymous_14)","decl":{"start":{"line":13,"column":14},"end":{"line":13,"column":21}},"loc":{"start":{"line":13,"column":70},"end":{"line":50,"column":null}}},"1":{"name":"(anonymous_15)","decl":{"start":{"line":13,"column":70},"end":{"line":13,"column":null}},"loc":{"start":{"line":13,"column":70},"end":{"line":50,"column":1}}}},"branchMap":{"0":{"loc":{"start":{"line":18,"column":8},"end":{"line":23,"column":null}},"type":"if","locations":[{"start":{"line":18,"column":8},"end":{"line":23,"column":null}}]},"1":{"loc":{"start":{"line":28,"column":8},"end":{"line":42,"column":null}},"type":"if","locations":[{"start":{"line":28,"column":8},"end":{"line":42,"column":null}},{"start":{"line":33,"column":15},"end":{"line":42,"column":null}}]}},"s":{"0":2,"1":2,"2":2,"3":2,"4":2,"5":2,"6":2,"7":0,"8":0,"9":0,"10":0,"11":0,"12":0,"13":0,"14":0,"15":0,"16":0,"17":0,"18":0,"19":2},"f":{"0":0,"1":0},"b":{"0":[0],"1":[0,0]}}
,"C:\\Users\\Acer\\Desktop\\node_workshop\\cart_system\\source\\controllers\\products.controler.ts": {"path":"C:\\Users\\Acer\\Desktop\\node_workshop\\cart_system\\source\\controllers\\products.controler.ts","statementMap":{"0":{"start":{"line":1,"column":0},"end":{"line":1,"column":33}},"1":{"start":{"line":3,"column":0},"end":{"line":3,"column":45}},"2":{"start":{"line":4,"column":0},"end":{"line":4,"column":53}},"3":{"start":{"line":6,"column":0},"end":{"line":6,"column":16}},"4":{"start":{"line":8,"column":22},"end":{"line":8,"column":47}},"5":{"start":{"line":12,"column":0},"end":{"line":17,"column":5}},"6":{"start":{"line":12,"column":12},"end":{"line":17,"column":2}},"7":{"start":{"line":13,"column":2},"end":{"line":13,"column":31}},"8":{"start":{"line":14,"column":2},"end":{"line":14,"column":58}},"9":{"start":{"line":14,"column":40},"end":{"line":14,"column":56}},"10":{"start":{"line":15,"column":2},"end":{"line":15,"column":30}},"11":{"start":{"line":16,"column":2},"end":{"line":16,"column":46}},"12":{"start":{"line":18,"column":27},"end":{"line":18,"column":31}},"13":{"start":{"line":23,"column":23},"end":{"line":48,"column":2}},"14":{"start":{"line":27,"column":4},"end":{"line":48,"column":2}},"15":{"start":{"line":28,"column":25},"end":{"line":28,"column":58}},"16":{"start":{"line":31,"column":2},"end":{"line":47,"column":null}},"17":{"start":{"line":32,"column":4},"end":{"line":35,"column":7}},"18":{"start":{"line":39,"column":32},"end":{"line":39,"column":62}},"19":{"start":{"line":41,"column":4},"end":{"line":41,"column":60}},"20":{"start":{"line":42,"column":4},"end":{"line":42,"column":46}},"21":{"start":{"line":43,"column":4},"end":{"line":46,"column":7}},"22":{"start":{"line":50,"column":9},"end":{"line":50,"column":23}}},"fnMap":{"0":{"name":"(anonymous_14)","decl":{"start":{"line":12,"column":1},"end":{"line":12,"column":10}},"loc":{"start":{"line":12,"column":12},"end":{"line":17,"column":2}}},"1":{"name":"(anonymous_15)","decl":{"start":{"line":12,"column":12},"end":{"line":12,"column":null}},"loc":{"start":{"line":12,"column":12},"end":{"line":17,"column":1}}},"2":{"name":"(anonymous_16)","decl":{"start":{"line":14,"column":26},"end":{"line":14,"column":27}},"loc":{"start":{"line":14,"column":40},"end":{"line":14,"column":56}}},"3":{"name":"(anonymous_17)","decl":{"start":{"line":23,"column":23},"end":{"line":23,"column":null}},"loc":{"start":{"line":27,"column":4},"end":{"line":48,"column":2}}},"4":{"name":"(anonymous_18)","decl":{"start":{"line":27,"column":4},"end":{"line":27,"column":null}},"loc":{"start":{"line":27,"column":4},"end":{"line":48,"column":1}}}},"branchMap":{"0":{"loc":{"start":{"line":31,"column":2},"end":{"line":47,"column":null}},"type":"if","locations":[{"start":{"line":31,"column":2},"end":{"line":47,"column":null}},{"start":{"line":36,"column":9},"end":{"line":47,"column":null}}]}},"s":{"0":2,"1":2,"2":2,"3":2,"4":2,"5":2,"6":2,"7":2,"8":2,"9":0,"10":2,"11":2,"12":2,"13":2,"14":1,"15":1,"16":1,"17":1,"18":0,"19":0,"20":0,"21":0,"22":2},"f":{"0":2,"1":2,"2":0,"3":1,"4":1},"b":{"0":[1,0]}}
,"C:\\Users\\Acer\\Desktop\\node_workshop\\cart_system\\source\\controllers\\signup.controller.ts": {"path":"C:\\Users\\Acer\\Desktop\\node_workshop\\cart_system\\source\\controllers\\signup.controller.ts","statementMap":{"0":{"start":{"line":2,"column":0},"end":{"line":2,"column":46}},"1":{"start":{"line":3,"column":0},"end":{"line":3,"column":45}},"2":{"start":{"line":7,"column":15},"end":{"line":36,"column":2}},"3":{"start":{"line":7,"column":71},"end":{"line":36,"column":2}},"4":{"start":{"line":8,"column":4},"end":{"line":35,"column":null}},"5":{"start":{"line":11,"column":19},"end":{"line":11,"column":34}},"6":{"start":{"line":14,"column":29},"end":{"line":14,"column":61}},"7":{"start":{"line":16,"column":27},"end":{"line":22,"column":10}},"8":{"start":{"line":24,"column":23},"end":{"line":24,"column":48}},"9":{"start":{"line":25,"column":9},"end":{"line":28,"column":12}},"10":{"start":{"line":31,"column":8},"end":{"line":33,"column":null}},"11":{"start":{"line":34,"column":8},"end":{"line":34,"column":25}},"12":{"start":{"line":38,"column":8},"end":{"line":38,"column":14}}},"fnMap":{"0":{"name":"(anonymous_8)","decl":{"start":{"line":7,"column":15},"end":{"line":7,"column":22}},"loc":{"start":{"line":7,"column":71},"end":{"line":36,"column":2}}},"1":{"name":"(anonymous_9)","decl":{"start":{"line":7,"column":71},"end":{"line":7,"column":null}},"loc":{"start":{"line":7,"column":71},"end":{"line":36,"column":1}}}},"branchMap":{},"s":{"0":2,"1":2,"2":2,"3":0,"4":0,"5":0,"6":0,"7":0,"8":0,"9":0,"10":0,"11":0,"12":2},"f":{"0":0,"1":0},"b":{}}
,"C:\\Users\\Acer\\Desktop\\node_workshop\\cart_system\\source\\controllers\\user.controller.ts": {"path":"C:\\Users\\Acer\\Desktop\\node_workshop\\cart_system\\source\\controllers\\user.controller.ts","statementMap":{"0":{"start":{"line":3,"column":0},"end":{"line":3,"column":45}},"1":{"start":{"line":4,"column":0},"end":{"line":4,"column":58}},"2":{"start":{"line":10,"column":16},"end":{"line":25,"column":2}},"3":{"start":{"line":10,"column":72},"end":{"line":25,"column":2}},"4":{"start":{"line":11,"column":4},"end":{"line":24,"column":null}},"5":{"start":{"line":12,"column":19},"end":{"line":12,"column":58}},"6":{"start":{"line":14,"column":9},"end":{"line":17,"column":12}},"7":{"start":{"line":20,"column":8},"end":{"line":22,"column":null}},"8":{"start":{"line":23,"column":8},"end":{"line":23,"column":25}},"9":{"start":{"line":103,"column":9},"end":{"line":103,"column":16}},"10":{"start":{"line":27,"column":19},"end":{"line":46,"column":2}},"11":{"start":{"line":27,"column":75},"end":{"line":46,"column":2}},"12":{"start":{"line":28,"column":4},"end":{"line":45,"column":null}},"13":{"start":{"line":31,"column":20},"end":{"line":34,"column":23}},"14":{"start":{"line":35,"column":9},"end":{"line":38,"column":12}},"15":{"start":{"line":41,"column":8},"end":{"line":43,"column":null}},"16":{"start":{"line":44,"column":8},"end":{"line":44,"column":25}},"17":{"start":{"line":103,"column":17},"end":{"line":103,"column":27}},"18":{"start":{"line":48,"column":27},"end":{"line":82,"column":2}},"19":{"start":{"line":48,"column":83},"end":{"line":82,"column":2}},"20":{"start":{"line":49,"column":4},"end":{"line":81,"column":null}},"21":{"start":{"line":51,"column":32},"end":{"line":51,"column":71}},"22":{"start":{"line":55,"column":8},"end":{"line":74,"column":null}},"23":{"start":{"line":58,"column":33},"end":{"line":58,"column":81}},"24":{"start":{"line":60,"column":23},"end":{"line":62,"column":26}},"25":{"start":{"line":63,"column":12},"end":{"line":66,"column":15}},"26":{"start":{"line":69,"column":12},"end":{"line":72,"column":null}},"27":{"start":{"line":73,"column":12},"end":{"line":73,"column":19}},"28":{"start":{"line":77,"column":8},"end":{"line":79,"column":null}},"29":{"start":{"line":80,"column":8},"end":{"line":80,"column":25}},"30":{"start":{"line":103,"column":28},"end":{"line":103,"column":46}},"31":{"start":{"line":85,"column":19},"end":{"line":101,"column":2}},"32":{"start":{"line":85,"column":75},"end":{"line":101,"column":2}},"33":{"start":{"line":86,"column":4},"end":{"line":100,"column":null}},"34":{"start":{"line":89,"column":20},"end":{"line":89,"column":68}},"35":{"start":{"line":90,"column":9},"end":{"line":93,"column":12}},"36":{"start":{"line":96,"column":8},"end":{"line":98,"column":null}},"37":{"start":{"line":99,"column":8},"end":{"line":99,"column":25}},"38":{"start":{"line":103,"column":47},"end":{"line":103,"column":57}}},"fnMap":{"0":{"name":"(anonymous_8)","decl":{"start":{"line":10,"column":16},"end":{"line":10,"column":23}},"loc":{"start":{"line":10,"column":72},"end":{"line":25,"column":2}}},"1":{"name":"(anonymous_9)","decl":{"start":{"line":10,"column":72},"end":{"line":10,"column":null}},"loc":{"start":{"line":10,"column":72},"end":{"line":25,"column":1}}},"2":{"name":"(anonymous_10)","decl":{"start":{"line":27,"column":19},"end":{"line":27,"column":26}},"loc":{"start":{"line":27,"column":75},"end":{"line":46,"column":2}}},"3":{"name":"(anonymous_11)","decl":{"start":{"line":27,"column":75},"end":{"line":27,"column":null}},"loc":{"start":{"line":27,"column":75},"end":{"line":46,"column":1}}},"4":{"name":"(anonymous_12)","decl":{"start":{"line":48,"column":27},"end":{"line":48,"column":34}},"loc":{"start":{"line":48,"column":83},"end":{"line":82,"column":2}}},"5":{"name":"(anonymous_13)","decl":{"start":{"line":48,"column":83},"end":{"line":48,"column":null}},"loc":{"start":{"line":48,"column":83},"end":{"line":82,"column":1}}},"6":{"name":"(anonymous_14)","decl":{"start":{"line":85,"column":19},"end":{"line":85,"column":26}},"loc":{"start":{"line":85,"column":75},"end":{"line":101,"column":2}}},"7":{"name":"(anonymous_15)","decl":{"start":{"line":85,"column":75},"end":{"line":85,"column":null}},"loc":{"start":{"line":85,"column":75},"end":{"line":101,"column":1}}}},"branchMap":{"0":{"loc":{"start":{"line":55,"column":8},"end":{"line":74,"column":null}},"type":"if","locations":[{"start":{"line":55,"column":8},"end":{"line":74,"column":null}},{"start":{"line":68,"column":15},"end":{"line":74,"column":null}}]}},"s":{"0":2,"1":2,"2":2,"3":0,"4":0,"5":0,"6":0,"7":0,"8":0,"9":2,"10":2,"11":0,"12":0,"13":0,"14":0,"15":0,"16":0,"17":2,"18":2,"19":0,"20":0,"21":0,"22":0,"23":0,"24":0,"25":0,"26":0,"27":0,"28":0,"29":0,"30":2,"31":2,"32":0,"33":0,"34":0,"35":0,"36":0,"37":0,"38":2},"f":{"0":0,"1":0,"2":0,"3":0,"4":0,"5":0,"6":0,"7":0},"b":{"0":[0,0]}}
,"C:\\Users\\Acer\\Desktop\\node_workshop\\cart_system\\source\\models\\user.model.ts": {"path":"C:\\Users\\Acer\\Desktop\\node_workshop\\cart_system\\source\\models\\user.model.ts","statementMap":{"0":{"start":{"line":1,"column":0},"end":{"line":1,"column":46}},"1":{"start":{"line":11,"column":19},"end":{"line":32,"column":2}},"2":{"start":{"line":34,"column":18},"end":{"line":34,"column":49}},"3":{"start":{"line":36,"column":0},"end":{"line":36,"column":25}}},"fnMap":{},"branchMap":{},"s":{"0":2,"1":2,"2":2,"3":2},"f":{},"b":{}}
,"C:\\Users\\Acer\\Desktop\\node_workshop\\cart_system\\source\\routes\\login.routes.ts": {"path":"C:\\Users\\Acer\\Desktop\\node_workshop\\cart_system\\source\\routes\\login.routes.ts","statementMap":{"0":{"start":{"line":1,"column":0},"end":{"line":1,"column":33}},"1":{"start":{"line":2,"column":0},"end":{"line":2,"column":56}},"2":{"start":{"line":4,"column":15},"end":{"line":4,"column":23}},"3":{"start":{"line":7,"column":0},"end":{"line":7,"column":28}},"4":{"start":{"line":9,"column":0},"end":{"line":9,"column":16}}},"fnMap":{},"branchMap":{},"s":{"0":2,"1":2,"2":2,"3":2,"4":2},"f":{},"b":{}}
,"C:\\Users\\Acer\\Desktop\\node_workshop\\cart_system\\source\\routes\\products.routes.ts": {"path":"C:\\Users\\Acer\\Desktop\\node_workshop\\cart_system\\source\\routes\\products.routes.ts","statementMap":{"0":{"start":{"line":1,"column":0},"end":{"line":1,"column":33}},"1":{"start":{"line":2,"column":0},"end":{"line":2,"column":67}},"2":{"start":{"line":5,"column":15},"end":{"line":5,"column":23}},"3":{"start":{"line":8,"column":0},"end":{"line":8,"column":39}},"4":{"start":{"line":11,"column":0},"end":{"line":11,"column":16}}},"fnMap":{},"branchMap":{},"s":{"0":2,"1":2,"2":2,"3":2,"4":2},"f":{},"b":{}}
,"C:\\Users\\Acer\\Desktop\\node_workshop\\cart_system\\source\\routes\\signup.routes.ts": {"path":"C:\\Users\\Acer\\Desktop\\node_workshop\\cart_system\\source\\routes\\signup.routes.ts","statementMap":{"0":{"start":{"line":1,"column":0},"end":{"line":1,"column":33}},"1":{"start":{"line":2,"column":0},"end":{"line":2,"column":58}},"2":{"start":{"line":4,"column":15},"end":{"line":4,"column":23}},"3":{"start":{"line":6,"column":0},"end":{"line":6,"column":30}},"4":{"start":{"line":8,"column":0},"end":{"line":8,"column":16}}},"fnMap":{},"branchMap":{},"s":{"0":2,"1":2,"2":2,"3":2,"4":2},"f":{},"b":{}}
,"C:\\Users\\Acer\\Desktop\\node_workshop\\cart_system\\source\\routes\\user.routes.ts": {"path":"C:\\Users\\Acer\\Desktop\\node_workshop\\cart_system\\source\\routes\\user.routes.ts","statementMap":{"0":{"start":{"line":1,"column":0},"end":{"line":1,"column":33}},"1":{"start":{"line":3,"column":0},"end":{"line":3,"column":98}},"2":{"start":{"line":5,"column":15},"end":{"line":5,"column":23}},"3":{"start":{"line":8,"column":0},"end":{"line":8,"column":32}},"4":{"start":{"line":9,"column":0},"end":{"line":9,"column":44}},"5":{"start":{"line":10,"column":0},"end":{"line":10,"column":60}},"6":{"start":{"line":11,"column":0},"end":{"line":11,"column":45}},"7":{"start":{"line":13,"column":0},"end":{"line":13,"column":16}}},"fnMap":{},"branchMap":{},"s":{"0":2,"1":2,"2":2,"3":2,"4":2,"5":2,"6":2,"7":2},"f":{},"b":{}}
}
